<?xml version="1.0" encoding="UTF-8"?>
<testng-results ignored="0" total="2" passed="2" failed="0" skipped="0">
  <reporter-output>
    <line>
      <![CDATA[Url login successfully!]]>
    </line>
    <line>
      <![CDATA[Url login successfully!]]>
    </line>
  </reporter-output>
  <suite started-at="2025-02-21T14:57:23 IST" name="Test Suite" finished-at="2025-02-21T14:57:35 IST" duration-ms="11141">
    <groups>
    </groups>
    <test started-at="2025-02-21T14:57:23 IST" name="Regression Suite" finished-at="2025-02-21T14:57:30 IST" duration-ms="6783">
      <class name="TestCases.LoginTest">
        <test-method is-config="true" signature="setup()[pri:0, instance:TestCases.LoginTest@50d13246]" started-at="2025-02-21T14:57:24 IST" name="setup" finished-at="2025-02-21T14:57:29 IST" duration-ms="5590" status="PASS">
          <reporter-output>
          </reporter-output>
        </test-method> <!-- setup -->
        <test-method signature="LoginFun()[pri:0, instance:TestCases.LoginTest@50d13246]" started-at="2025-02-21T14:57:29 IST" name="LoginFun" finished-at="2025-02-21T14:57:30 IST" duration-ms="236" status="PASS">
          <reporter-output>
            <line>
              <![CDATA[Url login successfully!]]>
            </line>
          </reporter-output>
        </test-method> <!-- LoginFun -->
        <test-method is-config="true" signature="tearDown()[pri:0, instance:TestCases.LoginTest@50d13246]" started-at="2025-02-21T14:57:30 IST" name="tearDown" finished-at="2025-02-21T14:57:30 IST" duration-ms="753" status="PASS">
          <reporter-output>
          </reporter-output>
        </test-method> <!-- tearDown -->
      </class> <!-- TestCases.LoginTest -->
    </test> <!-- Regression Suite -->
    <test started-at="2025-02-21T14:57:30 IST" name="Smoke Suite" finished-at="2025-02-21T14:57:35 IST" duration-ms="4316">
      <class name="TestCases.LoginTest">
        <test-method is-config="true" signature="setup()[pri:0, instance:TestCases.LoginTest@72437d8d]" started-at="2025-02-21T14:57:30 IST" name="setup" finished-at="2025-02-21T14:57:34 IST" duration-ms="3752" status="PASS">
          <reporter-output>
          </reporter-output>
        </test-method> <!-- setup -->
        <test-method signature="LoginFun()[pri:0, instance:TestCases.LoginTest@72437d8d]" started-at="2025-02-21T14:57:34 IST" name="LoginFun" finished-at="2025-02-21T14:57:34 IST" duration-ms="302" status="PASS">
          <reporter-output>
            <line>
              <![CDATA[Url login successfully!]]>
            </line>
          </reporter-output>
        </test-method> <!-- LoginFun -->
        <test-method is-config="true" signature="tearDown()[pri:0, instance:TestCases.LoginTest@72437d8d]" started-at="2025-02-21T14:57:34 IST" name="tearDown" finished-at="2025-02-21T14:57:35 IST" duration-ms="252" status="PASS">
          <reporter-output>
          </reporter-output>
        </test-method> <!-- tearDown -->
      </class> <!-- TestCases.LoginTest -->
    </test> <!-- Smoke Suite -->
  </suite> <!-- Test Suite -->
</testng-results>
